make.exe all --print-data-base --no-builtin-variables --no-builtin-rules --question
# GNU Make 3.82.90
# Built for i686-pc-mingw32
# Copyright (C) 1988-2012 Free Software Foundation, Inc.
# License GPLv3+: GNU GPL version 3 or later <http://gnu.org/licenses/gpl.html>
# This is free software: you are free to change and redistribute it.
# There is NO WARRANTY, to the extent permitted by law.
 

# Make data base, printed on Sun Jul 17 15:23:15 2022

# Variables

# environment
POWERSHELL_DISTRIBUTION_CHANNEL = MSI:Windows 10 Enterprise
# automatic
?F = $(notdir $?)
# automatic
<D = $(patsubst %/,%,$(patsubst %\,%,$(dir $<)))
# default
.SHELLFLAGS := -c
# makefile
MAKEFLAGS = Rrqp
# automatic
?D = $(patsubst %/,%,$(patsubst %\,%,$(dir $?)))
# automatic
@D = $(patsubst %/,%,$(patsubst %\,%,$(dir $@)))
# environment
HOMEDRIVE = C:
# automatic
@F = $(notdir $@)
# automatic
^D = $(patsubst %/,%,$(patsub 
st %\,%,$(dir $^)))
# makefile
CURDIR := d:/proj/hzxc.github.com/hi-ts
# default
SHELL := sh.exe
# environment
WINDIR = C:\Windows
# environment
VSCODE_NLS_CONFIG = {"locale":"zh-cn","availableLanguages":{},"_languagePackSupport":true}
# environment
ONEDRIVE = C:\Users\Administrator\OneDrive
# environment
PATHEXT = .COM;.EXE;.BAT;.CMD;.VBS;.VBE;.JS;.JSE;.WSF;.WSH;.MSC
# makefile (from 'Makefile', line 1)
MAKEFILE_LIST :=  Makefile
# environment
FPS_BROWSER_USER_PROFILE_STRING = Default
# environment
TMP = C:\Users\ADMINI~1\AppData\Local\Temp
# environment
PROGRAMW6432 = C:\Program Files
# environment
PROGRAMDATA = C:\ProgramData
# environment
VSCODE_CWD = C:\Windows\System32
# environment
PATH = C:\Windows\system32;C:\Windows;C:\Windows\System32\Wbem;C:\Windows\System32\WindowsPowerShell\v1.0\;C:\Windows\System32\OpenSSH\;C:\Program Files\Git\cmd;C:\Program Files\Docker\Docker\resources\bin;C:\ProgramData\DockerDesktop\version-bin;D:\cli\curl;D:\cli\jq;D:\cli\OpenSSL-Win64\bin;D:\cli\pscale-cli;D:\cli\tcping-cli;D:\cli\TDM-GCC-64\bin;D:\cli\etcd-v3.5.4;C:\Program Files\Go\bin;C:\Program Files\PowerShell\7\;E:\Programs\Microsoft VS Code\bin;C:\Program Files\nodejs\;D:\cli\protobuf\bin;C:\Users\Administrator\AppData\Local\Microsoft\WindowsApps;C:\Users\Administrator\go\bin;C:\Users\Administrator\AppData\Roaming\npm
# environment
COMMONPROGRAMW6432 = C:\Program Files\Common Files
# environment
PROCESSOR_ARCHITECTURE = x86
# environment
USERPROFILE = C:\Users\Administrator
# environment
ALLUSERSPROFILE = C:\ProgramData
# environment
GOPATH = C:\Users\Administrator\go
# environment
NUMBER_OF_PROCESSORS = 8
# environment
ELECTRON_RUN_AS_NODE = 1
# default
.FEATURES := target-specific order-only second-expansion else-if shortest-stem undefine oneshell archives jobserver
# automatic
%F = $(notdir $%)
# environment
CHROME_CRASHPAD_PIPE_NAME = \\.\pipe\crashpad_9996_OUVMFURZXKFPYKRV
# environment
COMPUTERNAME = WO
# environment
PROGRAMFILES = C:\Program Files (x86)
# environment
DRIVERDATA = C:\Windows\System32\Drivers\DriverData
# environment
ORIGINAL_XDG_CURRENT_DESKTOP = undefined
# environment
USERNAME = Administrator
# environment
PUBLIC = C:\Users\Public
# environment
VSCODE_AMD_ENTRYPOINT = vs/workbench/api/node/extensionHostProcess
# environment
VSCODE_CODE_CACHE_PATH = C:\Users\Administrator\AppData\Roaming\Code\CachedData\b06ae3b2d2dbfe28bca3134cc6be65935cdfea6a
# environment
APPLICATION_INSIGHTS_NO_DIAGNOSTIC_CHANNEL = 1
# environment
COMMONPROGRAMFILES = C:\Program Files (x86)\Common Files
# environment
LOGONSERVER = \\WO
# environment
DEV = True
# environment
VSCODE_HANDLES_UNCAUGHT_ERRORS = true
# environment
USERDOMAIN = WO
# environment
MAKELEVEL := 0
# default
MAKE = $(MAKE_COMMAND)
# default
MAKECMDGOALS := all
# default
MAKE_VERSION := 3.82.90
# makefile
.DEFAULT_GOAL := proto
# environment
VERCEL_ENV = {"name":"vercel-go","dev":true}
# environment
PROGRAMFILES(X86) = C:\Program Files (x86)
# automatic
%D = $(patsubst %/,%,$(patsubst %\,%,$(dir $%)))
# makefile (from 'Makefile', line 4)
OUT_DIR = "./src/gen/node"
# environment
LOCALAPPDATA = C:\Users\Administrator\AppData\Local
# environment
PSMODULEPATH = C:\Program Files\WindowsPowerShell\Modules;C:\Windows\system32\WindowsPowerShell\v1.0\Modules
# default
MAKE_COMMAND := make.exe
# environment
PROCESSOR_ARCHITEW6432 = AMD64
# default
.VARIABLES := 
# automatic
*F = $(notdir $*)
# environment
PROCESSOR_IDENTIFIER = Intel64 Family 6 Model 60 Stepping 3, GenuineIntel
# environment
OS = Windows_NT
# environment
VSCODE_IPC_HOOK = \\.\pipe\9e7283c68e6159fd1e9872b65f264be5-1.69.1-main-sock
# environment
HOMEPATH = \Users\Administrator
# environment
COMMONPROGRAMFILES(X86) = C:\Program Files (x86)\Common Files
# environment
PROMPT = $P$G
# environment
MFLAGS = -Rrqp
# automatic
*D = $(patsubst %/,%,$(patsubst %\,%,$(dir $*)))
# makefile (from 'Makefile', line 2)
PROTOC_GEN_TS_PATH = "./node_modules/.bin/protoc-gen-ts"
# environment
SYSTEMROOT = C:\Windows
# automatic
+D = $(patsubst %/,%,$(patsubst %\,%,$(dir $+)))
# automatic
+F = $(notdir $+)
# environment
APPDATA = C:\Users\Administrator\AppData\Roaming
# environment
TEMP = C:\Users\ADMINI~1\AppData\Local\Temp
# environment
COMSPEC = C:\Windows\system32\cmd.exe
# default
MAKEFILES := 
# automatic
<F = $(notdir $<)
# environment
LC_ALL = C
# automatic
^F = $(notdir $^)
# default
SUFFIXES := 
# environment
SYSTEMDRIVE = C:
# environment
SESSIONNAME = Console
# environment
PROCESSOR_REVISION = 3c03
# default
.RECIPEPREFIX := 
# environment
LANG = C
# environment
PROCESSOR_LEVEL = 6
# environment
FPS_BROWSER_APP_PROFILE 
_STRING = Internet Explorer
# environment
VSCODE_PID = 9996
# environment
USERDOMAIN_ROAMINGPROFILE = WO
# variable set hash-table stats:
# Load=91/1024=9%, Rehash=0, Collisions=12/109=11%

# Pattern-specific Variable Values

# No pattern-specific variable values.

# Directories

# C:\ProgramData\DockerDesktop\version-bin: could not be stat'd.
# D:\cli\protobuf\bin (key D:/cli/protobuf/bin, mtime 1657771758): 7 files, no impossibilities.
# D:\cli\jq (key D:/cli/jq, mtime 1645578416): 3 files, no impossibilities.
# C:\Windows\System32\WindowsPowerShell\v1.0\ (key C:/Windows/System32/WindowsPowerShell/v1.0/, mtime 1622915553): 31 files, no impossibilities.
# . (key d:/proj/hzxc.github.com/hi-ts, mtime 1657855199): 19 files, no impossibilities.
# E:\Programs\Microsoft VS Code\bin (key E:/Programs/Microsoft VS Code/bin, mtime 1657679902): 4 files, no impossibilities.
# D:\cli\etcd-v3.5.4 (key D:/cli/etcd-v3.5.4, mtime 1656780299): 11 files, no impossibilities.
# C:\Users\Administrator\go\bin (key C:/Users/Administrator/go/bin, mtime 1657764010): 14 files, no impossibilities.
# C:\Program Files\Docker\Docker\resources\bin (key C:/Program Files/Docker/Docker/resources/bin, mtime 1656922373): 13 files, no impossibilities.
# C:\Program Files\Git\cmd (key C:/Program Files/Git/cmd, mtime 1656922423): 8 files, no impossibilities.
# C:\Windows\System32\OpenSSH\: could not be stat'd.
# D:\cli\curl (key D:/cli/curl, mtime 1645456363): 6 files, no impossibilities.
# D:\cli\TDM-GCC-64\bin (key D:/cli/TDM-GCC-64/bin, mtime 1655629601): 62 files, no impossibilities.
# D:\cli\pscale-cli (key D:/cli/pscale-cli, mtime 1657976471): 6 files, no impossibilities.
# D:\cli\tcping-cli (key D:/cli/tcping-cli, mtime 1655629829): 3 files, no impossibilities.
# D:\cli\OpenSSL-Win64\bin (key D:/cli/OpenSSL-Win64/bin, mtime 1654787878): 16 files, no impossibilities.
# C:\Users\Administrator\AppData\Roaming\npm (key C:/Users/Administrator/AppData/Roaming/npm, mtime 1657969179): 63 files, no impossibilities.
# C:\Windows (key C:/Windows, mtime 1657710759): 120 files, no impossibilities.
# C:\Program Files\Go\bin (key C:/Program Files/Go/bin, mtime 1656922532): 4 files, no impossibilities.
# C:\Users\Administrator\AppData\Local\Microsoft\WindowsApps (key C:/Users/Administrator/AppData/Local/Microsoft/WindowsApps, mtime 1657333816): 19 files, no impossibilities.
# C:\Windows\System32\Wbem (key C:/Windows/System32/Wbem, mtime 1656938953): 171 files, no impossibilities.
# C:\Program Files\nodejs\ (key C:/Program Files/nodejs/, mtime 1657269216): 25 files, no impossibilities.
# C:\Windows\system32 (key C:/Windows/system32, mtime 1657714260): 2997 files, no impossibilities.
# C:\Program Files\PowerShell\7\ (key C:/Program Files/PowerShell/7/, mtime 1656922545): 478 files, no impossibilities.

# 4080 files, no impossibilities in 24 directories.

# Implicit Rules

# No implicit rules.

# Files

# Not a target:
all:
#  Command line target.
#  Implicit rule search has been done.
#  File does not exist.
#  File has not been updated.

proto-node:
#  Phony target (prerequisite of .PHONY).
#  Implicit rule search has not been done.
#  File does not exist.
#  File has not been updated.
#  recipe to execute (from 'Makefile', line 16):
	protoc \
	--go_out=plugins=grpc:./server \
	--plugin=protoc-gen-ts=./node_modules/.bin/protoc-gen-ts \
	--ts_out=service=true:./src \
    --js_out=import_style=commonjs,binary:./src \
	./protos/hello.proto

.PHONY: proto proto-node
#  Implicit rule search has not been done.
#  Modification time never checked.
#  File has not been updated.

# Not a target:
.SUFFIXES:
#  Implicit rule search has not been done.
#  Modification time never checked.
#  File has not been updated.

# Not a target:
Makefile:
#  Implicit rule search has been done.
#  Last modified 2022-07-14 12:03:06
#  File has been updated.
#  Successfully updated.

proto:
#  Phony target (prerequisite of .PHONY).
#  Implicit rule search has not been done.
#  File does not exist.
#  File has not been updated.
#  recipe to execute (from 'Makefile', line 8):
	protoc \
	--plugin="protoc-gen-ts=${PROTOC_GEN_TS_PATH}" \
	--js_out="import_style=commonjs,binary:${OUT_DIR}" \
	--ts_out="${OUT_DIR}" \
	./protos/hello.proto

# Not a target:
.DEFAULT:
#  Implicit rule search has not been done.
#  Modification time never checked.
#  File has not been updated.

# files hash-table stats:
# Load=7/1024=1%, Rehash=0, Collisions=3/22=14%
# VPATH Search Paths

# No 'vpath' search paths.

# No general ('VPATH' variable) search path.

# strcache buffers: 9 (7) / strings = 3987 / storage = 67525 B / avg = 16 B
# current buf: size = 8174 B / used = 2196 B / count = 137 / avg = 16 B
# other used: total = 59351 B / count = 3850 / avg = 15 B
# other free: total = 63 B / max = 20 B / min = 2 B / avg = 7 B

# strcache performance: lookups = 4119 / hit rate = 3%
# hash-table stats:
# Load=3987/8192=49%, Rehash=0, Collisions=1648/4119=40%
# Finished Make data base on Sun Jul 17 15:23:15 2022

 
make.exe: *** No rule to make target 'all'.  Stop.

